[
  {
    "Event ID": 0,
    "Message": "2025-03-11 22:57:22.778 UTC [5460] LOG:  redirecting log output to logging collector process\n2025-03-11 22:57:22.778 UTC [5460] HINT:  Future log output will appear in directory \"log\"."
  },
  {
    "Event ID": 1,
    "Message": "File System Filter 'CldFlt' (Version 10.0, ?2008?-?12?-?25T02:48:25.000000000Z) unloaded successfully."
  },
  {
    "Event ID": 3,
    "Message": "The miniport 'Microsoft Hyper-V Network Adapter #2' was successfully initialized"
  },
  {
    "Event ID": 5,
    "Message": "ADM Connector (1.0_8.0.1.967) Start: pid 10964, tid 4"
  },
  {
    "Event ID": 6,
    "Message": "File System Filter 'CldFlt' (10.0, ?2008?-?12?-?25T02:48:25.000000000Z) has successfully loaded and registered with Filter Manager."
  },
  {
    "Event ID": 11,
    "Message": "Miniport NIC 'Microsoft Hyper-V Network Adapter #2' restarted"
  },
  {
    "Event ID": 12,
    "Message": "The operating system started at system time ?2025?-?03?-?11T22:56:13.500000000Z."
  },
  {
    "Event ID": 13,
    "Message": "Mellanox ConnectX-4 Lx Virtual Ethernet Adapter #4 device detects that the link is up, and has initiated a normal operation."
  },
  {
    "Event ID": 14,
    "Message": "Credential Guard configuration: 0x0, 0"
  },
  {
    "Event ID": 15,
    "Message": "Hive \\??\\C:\\Windows\\System32\\SMI\\Store\\Machine\\SCHEMA.DAT was reorganized with a starting size of 13402112 bytes and an ending size of 11681792 bytes."
  },
  {
    "Event ID": 16,
    "Message": "The access history in hive \\??\\C:\\Users\\.NET v4.5 Classic\\NTUSER.DAT was cleared updating 1 keys and creating 1 modified pages."
  },
  {
    "Event ID": 18,
    "Message": "There are 0x1 boot options on this system."
  },
  {
    "Event ID": 19,
    "Message": "Installation Successful: Windows successfully installed the following update: 2025-03 Cumulative Update for Windows Server 2019 (1809) for x64-based Systems (KB5053596)"
  },
  {
    "Event ID": 20,
    "Message": "The last shutdown's success status was true. The last boot's success status was true."
  },
  {
    "Event ID": 25,
    "Message": "The boot menu policy was 0x0."
  },
  {
    "Event ID": 26,
    "Message": "Application popup: Idle timer expired : Session has been idle over its time limit.\nIt will be disconnected in 2 minutes.\nPress any key now to continue session."
  },
  {
    "Event ID": 27,
    "Message": "The boot type was 0x0."
  },
  {
    "Event ID": 30,
    "Message": "The firmware reported boot metrics."
  },
  {
    "Event ID": 32,
    "Message": "The bootmgr spent 0 ms waiting for user input."
  },
  {
    "Event ID": 35,
    "Message": "The time service is now synchronizing the system time with the time source VM IC Time Synchronization Provider with reference id 1347702102. Current local stratum number is 4."
  },
  {
    "Event ID": 37,
    "Message": "The time provider NtpClient is currently receiving valid time data from time.windows.com,0x8 (ntp.m|0x8|0.0.0.0:123->168.61.215.74:123)."
  },
  {
    "Event ID": 43,
    "Message": "Installation Started: Windows has started installing the following update: 2025-03 Cumulative Update for Windows Server 2019 (1809) for x64-based Systems (KB5053596)"
  },
  {
    "Event ID": 44,
    "Message": "Windows Update started downloading an update."
  },
  {
    "Event ID": 46,
    "Message": "VF adapter '\\DEVICE\\{3BD0846C-87E2-4C14-AC49-10C6D4AFF353}' did not report NDK capabilities."
  },
  {
    "Event ID": 47,
    "Message": "Time Provider NtpClient: No valid response has been received from manually configured peer time.windows.com,0x8 after 8 attempts to contact it. This peer will be discarded as a time source and NtpClient will attempt to discover a new peer with this DNS name. The error was: The peer is unreachable."
  },
  {
    "Event ID": 55,
    "Message": "Processor 3 in group 0 exposes the following power management capabilities:Idle state type: ACPI Idle (C) States (1 state(s))Performance state type: NoneNominal Frequency (MHz): 2095Maximum performance percentage: 100Minimum performance percentage: 100Minimum throttle percentage: 100"
  },
  {
    "Event ID": 64,
    "Message": "Certificate for local system with Thumbprint 0e 1e 53 4b df a9 27 86 da 90 53 70 27 91 e7 bc 61 a9 04 6a is about to expire or already expired."
  },
  {
    "Event ID": 98,
    "Message": "Volume C: (\\Device\\HarddiskVolume4) is healthy.  No action is needed."
  },
  {
    "Event ID": 102,
    "Message": "SearchIndexer (8800,P,98) Windows: The database engine (10.00.17763.0000) is starting a new instance (0)."
  },
  {
    "Event ID": 105,
    "Message": "svchost (3164,D,0) DS_Token_DB: The database engine started a new instance (0). (Time=0 seconds)  Additional Data: lgposV2[] = 0000000A:0001:0000 - 0000000A:0003:002B - 0000000A:0004:0000 - 0000000A:0004:0000 (00000000:0000:0000)cReInits = 1  Internal Timing Sequence: [1] 0.000735 +J(0) +M(C:0K, Fs:142, WS:556K # 556K, PF:2376K # 2376K, P:2376K)[2] 0.000547 +J(0) +M(C:8K, Fs:101, WS:392K # 392K, PF:1152K # 1152K, P:1152K)[3] 0.000044 +J(0) +M(C:0K, Fs:9, WS:32K # 32K, PF:68K # 68K, P:68K)[4] 0.000216 +J(0) +M(C:0K, Fs:57, WS:228K # 228K, PF:160K # 160K, P:160K)[5] 0.001207 +J(0) +M(C:0K, Fs:7, WS:28K # 28K, PF:20K # 20K, P:20K)[6] 0.005154 +J(0) +M(C:0K, Fs:41, WS:164K # 164K, PF:28K # 28K, P:28K)[7] 0.003378 -0.001281 (2) WT +J(0) +M(C:0K, Fs:33, WS:132K # 132K, PF:64K # 64K, P:64K)[8] 0.033210 -0.006505 (11) WT +J(CM:0, PgRf:0, Rd:0/0, Dy:0/0, Lg:12168/7) +M(C:0K, Fs:126, WS:348K # 352K, PF:248K # 252K, P:248K)[9] 0.000808 +J(0) +M(C:0K, Fs:4, WS:16K # 12K, PF:0K # 0K, P:0K)[10] 0.000929 -0.000138 (1) WT +J(0) +M(C:0K, Fs:0, WS:-60K # 0K, PF:-60K # 0K, P:-60K)[11] 0.000384 +J(CM:0, PgRf:0, Rd:0/0, Dy:0/0, Lg:49/1) +M(C:0K, Fs:2, WS:8K # 0K, PF:0K # 0K, P:0K)[12] 0.004565 -0.001958 (2) WT +J(0) +M(C:0K, Fs:1, WS:4K # 0K, PF:0K # 0K, P:0K)[13] 0.076237 -0.000190 (2) CM -0.024770 (23) WT +J(CM:2, PgRf:2, Rd:0/2, Dy:0/0, Lg:8759/5) +M(C:0K, Fs:69, WS:156K # 172K, PF:212K # 216K, P:212K)[14] 0.000019 +J(0)[15] 0.000017 +J(0)[16] 0.000761 -0.000096 (1) WT +J(0) +M(C:0K, Fs:2, WS:0K # 0K, PF:0K # 0K, P:0K)."
  },
  {
    "Event ID": 109,
    "Message": "The kernel power manager has initiated a shutdown transition.\n\nShutdown Reason: Kernel API"
  },
  {
    "Event ID": 153,
    "Message": "Virtualization-based security (policies: 0) is disabled."
  },
  {
    "Event ID": 172,
    "Message": "Connectivity state in standby: Disconnected, Reason: NIC compliance"
  },
  {
    "Event ID": 258,
    "Message": "The storage optimizer successfully completed retrim on AppData (F:)"
  },
  {
    "Event ID": 262,
    "Message": "Mellanox ConnectX-4 Lx Virtual Ethernet Adapter #4 has got:\n    vendor_id      \t15b3\n    device_id      \t1016\n    subvendor_id   \t15b3\n    subsystem_id   \t0190\n    HW revision    \t80\n    FW version     \t14.30.5000\n    port type      \tETH"
  },
  {
    "Event ID": 285,
    "Message": "Mellanox ConnectX-4 Lx Virtual Ethernet Adapter #4: is currently running:\n     Driver Version:       \t2.70.24728.0\n     Firmware Version:     \t14.30.5000\n     PSID number:          \tMSF0010110035"
  },
  {
    "Event ID": 286,
    "Message": "Mellanox ConnectX-4 Lx Virtual Ethernet Adapter #4: is currently running:\n     GUID:                 \t0022:48ff:fd1f:3cd6\n     MAC:                  \t00-22-48-1F-3C-D6"
  },
  {
    "Event ID": 289,
    "Message": "Mellanox ConnectX-4 Lx Virtual Ethernet Adapter #4 Traffic flow is in restarting state."
  },
  {
    "Event ID": 290,
    "Message": "Mellanox ConnectX-4 Lx Virtual Ethernet Adapter #4 Traffic flow is in running state."
  },
  {
    "Event ID": 300,
    "Message": "svchost (3164,R,98) DS_Token_DB: The database engine is initiating recovery steps."
  },
  {
    "Event ID": 301,
    "Message": "svchost (3164,R,98) DS_Token_DB: The database engine has finished replaying logfile C:\\Windows\\system32\\config\\systemprofile\\AppData\\Local\\DataSharing\\Storage\\DSS.log.  Processing Stats: [1] 0.023290 -0.004661 (7) WT +J(CM:0, PgRf:0, Rd:0/0, Dy:0/0, Lg:12168/7) +M(C:0K, Fs:70, WS:204K # 148K, PF:152K # 84K, P:152K). Log record of type 'AttachDB ' was seen most frequently (1 times)"
  },
  {
    "Event ID": 302,
    "Message": "svchost (3164,U,98) DS_Token_DB: The database engine has successfully completed recovery steps."
  },
  {
    "Event ID": 326,
    "Message": "svchost (3164,D,50) DS_Token_DB: The database engine attached a database (1, C:\\Windows\\system32\\config\\systemprofile\\AppData\\Local\\DataSharing\\Storage\\DSTokenDB2.dat). (Time=0 seconds)  Saved Cache: 1 0 Additional Data: lgposAttach = 0000000A:0006:0268  Internal Timing Sequence: [1] 0.000004 +J(0)[2] 0.001928 -0.001329 (1) WT +J(0) +M(C:0K, Fs:17, WS:4K # 4K, PF:4K # 0K, P:4K)[3] 0.028898 -0.004570 (6) WT +J(CM:0, PgRf:0, Rd:0/0, Dy:0/0, Lg:3480/2) +M(C:0K, Fs:11, WS:40K # 0K, PF:40K # 0K, P:40K)[4] 0.000722 +J(0)[5] -[6] -[7] -[8] 0.000374 -0.000207 (2) CM -0.000139 (2) WT +J(CM:2, PgRf:2, Rd:4/2, Dy:0/0, Lg:0/0) +M(C:8K, Fs:3, WS:12K # 0K, PF:8K # 0K, P:8K)[9] 0.000803 -0.000512 (3) CM -0.000427 (3) WT +J(CM:3, PgRf:23, Rd:0/3, Dy:0/0, Lg:0/0) +M(C:0K, Fs:24, WS:88K # 76K, PF:196K # 188K, P:196K)[10] 0.000356 -0.000223 (3) CM -0.000147 (3) WT +J(CM:3, PgRf:40, Rd:0/3, Dy:0/0, Lg:0/0) +M(C:0K, Fs:1, WS:4K # 4K, PF:64K # 56K, P:64K)[11] 0.000013 +J(CM:0, PgRf:1, Rd:0/0, Dy:0/0, Lg:0/0) +M(C:0K, Fs:1, WS:4K # 4K, PF:0K # 0K, P:0K)[12] 0.000064 +J(CM:0, PgRf:42, Rd:0/0, Dy:0/0, Lg:0/0) +M(C:0K, Fs:5, WS:20K # 20K, PF:0K # 0K, P:0K)[13] 0.0 +J(0)[14] 0.0 +J(0)[15] 0.000006 +J(CM:0, PgRf:1, Rd:0/0, Dy:0/0, Lg:0/0)."
  },
  {
    "Event ID": 379,
    "Message": "Mellanox ConnectX-4 Lx Virtual Ethernet Adapter #4: Zero Touch RoCE: Some of the required capabilities are not supported by FW.\n Requested: SlowRestart = 1, TxWindow = 1, AdpRetrans = 1\n Supported: SlowRestart = 0, TxWindow = 0, AdpRetrans = 0"
  },
  {
    "Event ID": 781,
    "Message": "The COM+ sub system is suppressing duplicate event log entries for a duration of 86400 seconds.  The suppression timeout can be controlled by a REG_DWORD value named SuppressDuplicateDuration under the following registry key: HKLM\\Software\\Microsoft\\COM3\\Eventlog."
  },
  {
    "Event ID": 900,
    "Message": "The Software Protection service is starting.\nParameters:<explicit>"
  },
  {
    "Event ID": 902,
    "Message": "The Software Protection service has started.\n10.0.17763.7009"
  },
  {
    "Event ID": 903,
    "Message": "The Software Protection service has stopped."
  },
  {
    "Event ID": 1000,
    "Message": "Performance counters for the WmiApRpl (WmiApRpl) service were loaded successfully. The Record Data in the data section contains the new index values assigned to this service."
  },
  {
    "Event ID": 1001,
    "Message": "Performance counters for the WmiApRpl (WmiApRpl) service were removed successfully. The Record Data contains the new values of the system Last Counter and Last Help registry entries."
  },
  {
    "Event ID": 1003,
    "Message": "The Windows Search Service started."
  },
  {
    "Event ID": 1014,
    "Message": "Name resolution for the name 1f6fa344-ce4d-490d-9354-fd970ff42674.ods.opinsights.azure.com timed out after none of the configured DNS servers responded."
  },
  {
    "Event ID": 1029,
    "Message": "Product: Microsoft Azure Site Recovery Mobility Service/Master Target Server. Restart required. The installation or update for the product required a restart for all changes to take effect.  The restart was deferred to a later time."
  },
  {
    "Event ID": 1033,
    "Message": "These policies are being excluded since they are only defined with override-only attribute.\nPolicy Names=(Security-SPP-Reserved-EnableNotificationMode) \nApp Id=55c92734-d682-4d71-983e-d6ec3f16059f\nSku Id=34e1ae55-27f8-4950-8877-7a03be5fb181"
  },
  {
    "Event ID": 1034,
    "Message": "Duplicate definition of policy found. Policy name=AAD-WindowsCore-AddAccountRestrictions  Priority=100"
  },
  {
    "Event ID": 1035,
    "Message": "Windows Installer reconfigured the product. Product Name: Microsoft Azure Site Recovery Mobility Service/Master Target Server. Product Version: 9.64.7314.1. Product Language: 1033. Manufacturer: Microsoft Corporation. Reconfiguration success or error status: 0."
  },
  {
    "Event ID": 1038,
    "Message": "Windows Installer requires a system restart. Product Name: Microsoft Azure Site Recovery Mobility Service/Master Target Server. Product Version: 9.64.7314.1. Product Language: 1033. Manufacturer: Microsoft Corporation. Type of System Restart: 2. Reason for Restart: 1."
  },
  {
    "Event ID": 1040,
    "Message": "Beginning a Windows Installer transaction: C:\\Packages\\Plugins\\Microsoft.Azure.RecoveryServices.SiteRecovery.Windows\\1.0.0.9245\\MobilityServiceInstaller\\UNIFIEDAGENTMSI.MSI. Client Process Id: 10652."
  },
  {
    "Event ID": 1042,
    "Message": "Ending a Windows Installer transaction: C:\\Packages\\Plugins\\Microsoft.Azure.RecoveryServices.SiteRecovery.Windows\\1.0.0.9245\\MobilityServiceInstaller\\UNIFIEDAGENTMSI.MSI. Client Process Id: 10652."
  },
  {
    "Event ID": 1066,
    "Message": "Initialization status for service objects.C:\\Windows\\system32\\sppwinob.dll, msft:spp/windowsfunctionality/agent/7.0, 0x00000000, 0x00000000C:\\Windows\\system32\\sppobjs.dll, msft:rm/algorithm/inherited/1.0, 0x00000000, 0x00000000C:\\Windows\\system32\\sppobjs.dll, msft:rm/algorithm/phone/1.0, 0x00000000, 0x00000000C:\\Windows\\system32\\sppobjs.dll, msft:rm/algorithm/pkey/detect, 0x00000000, 0x00000000C:\\Windows\\system32\\sppobjs.dll, msft:spp/ActionScheduler/1.0, 0x00000000, 0x00000000C:\\Windows\\system32\\sppobjs.dll, msft:spp/TaskScheduler/1.0, 0x00000000, 0x00000000C:\\Windows\\system32\\sppobjs.dll, msft:spp/statecollector/pkey, 0x00000000, 0x00000000C:\\Windows\\system32\\sppobjs.dll, msft:spp/volume/services/kms/1.0, 0x00000000, 0x00000000C:\\Windows\\system32\\sppobjs.dll, msft:spp/volume/services/kms/activationinfo/1.0, 0x00000000, 0x00000000"
  },
  {
    "Event ID": 1074,
    "Message": "The process C:\\Windows\\system32\\svchost.exe (USEAZSMARTFTP01) has initiated the restart of computer USEAZSMARTFTP01 on behalf of user NT AUTHORITY\\SYSTEM for the following reason: Operating System: Service pack (Planned) Reason Code: 0x80020010 Shutdown Type: restart Comment:"
  },
  {
    "Event ID": 1100,
    "Message": "The event logging service has shut down."
  },
  {
    "Event ID": 1309,
    "Message": "Event code: 3005 Event message: An unhandled exception has occurred. Event time: 2/22/2025 8:12:56 PM Event time (UTC): 2/22/2025 8:12:56 PM Event ID: 600da4ddc2b44977b61fabfe9f3c3773 Event sequence: 1832 Event occurrence: 1 Event detail code: 0  Application information:     Application domain: /LM/W3SVC/1/ROOT-1-133847279938018226     Trust level: Full     Application Virtual Path: /     Application Path: C:\\inetpub\\wwwroot\\     Machine name: USEAZSPDFTP04  Process information:     Process ID: 12676     Process name: w3wp.exe     Account name: IIS APPPOOL\\DefaultAppPool  Exception information:     Exception type: HttpException     Exception message: A potentially dangerous Request.Path value was detected from the client (:).   at System.Web.HttpRequest.ValidateInputIfRequiredByConfig()   at System.Web.HttpApplication.PipelineStepManager.ValidateHelper(HttpContext context)  Request information:     Request URL: https://USEAZRSPDFTP01.gep.com:443/DB4Web/USEAZInfoSecReport:23/foo     Request path: /DB4Web/USEAZInfoSecReport:23/foo     User host address: 172.20.13.208     User:      Is authenticated: False     Authentication Type:      Thread account name: IIS APPPOOL\\DefaultAppPool  Thread information:     Thread ID: 28     Thread account name: IIS APPPOOL\\DefaultAppPool     Is impersonating: False     Stack trace:    at System.Web.HttpRequest.ValidateInputIfRequiredByConfig()   at System.Web.HttpApplication.PipelineStepManager.ValidateHelper(HttpContext context)  Custom event details:"
  },
  {
    "Event ID": 1531,
    "Message": "The User Profile Service has started successfully."
  },
  {
    "Event ID": 1532,
    "Message": "The User Profile Service has stopped."
  },
  {
    "Event ID": 1796,
    "Message": "The Secure Boot update failed to update a Secure Boot variable with error Secure Boot is not enabled on this machine.. For more information, please see https://go.microsoft.com/fwlink/?linkid=2169931"
  },
  {
    "Event ID": 2003,
    "Message": "The configuration information of the performance library \"C:\\Windows\\system32\\InterceptCounters.dll\" for the \"InterceptCountersManager\" service does not match the trusted performance library information stored in the registry. The functions in this library will not be treated as trusted."
  },
  {
    "Event ID": 2017,
    "Message": "Unable to collect NUMA physical memory utilization data. The first four bytes (DWORD) of the Data section contains the status code."
  },
  {
    "Event ID": 4111,
    "Message": "Successful auto update of third-party root list with effective date: ?Tuesday, ?January ?28, ?2025 12:46:32 AM."
  },
  {
    "Event ID": 4202,
    "Message": "MSDTC started with the following settings: Security Configuration (OFF = 0 and ON = 1): Allow Remote Administrator = 0, Network Clients = 0, Transaction Manager Communication:  Allow Inbound Transactions = 0, Allow Outbound Transactions = 0, Transaction Internet Protocol (TIP) = 0,  Enable XA Transactions = 0,  Enable SNA LU 6.2 Transactions = 1,  MSDTC Communications Security = Mutual Authentication Required, Account = NT AUTHORITY\\NetworkService,  Firewall Exclusion Detected = 0 Transaction Bridge Installed = 0 Filtering Duplicate Events = 1"
  },
  {
    "Event ID": 4608,
    "Message": "Windows is starting up.\n\nThis event is logged when LSASS.EXE starts and the auditing subsystem is initialized."
  },
  {
    "Event ID": 4610,
    "Message": "An authentication package has been loaded by the Local Security Authority.\nThis authentication package will be used to authenticate logon attempts.\n\nAuthentication Package Name:\tC:\\Windows\\system32\\msv1_0.DLL : MICROSOFT_AUTHENTICATION_PACKAGE_V1_0"
  },
  {
    "Event ID": 4611,
    "Message": "A trusted logon process has been registered with the Local Security Authority.This logon process will be trusted to submit logon requests.Subject: Security ID:  S-1-5-18 Account Name:  USSPDDEVDB04$ Account Domain:  GEP Logon ID:  0x3E7Logon Process Name:  UserManager"
  },
  {
    "Event ID": 4614,
    "Message": "A notification package has been loaded by the Security Account Manager.\nThis package will be notified of any account or password changes.\n\nNotification Package Name:\tKDCPW"
  },
  {
    "Event ID": 4616,
    "Message": "The system time was changed.Subject: Security ID:  S-1-5-19 Account Name:  LOCAL SERVICE Account Domain:  NT AUTHORITY Logon ID:  0x3E5Process Information: Process ID: 0x424 Name:  C:\\Windows\\System32\\svchost.exePrevious Time:  ?2025?-?03?-?14T17:20:51.997746000ZNew Time:  ?2025?-?03?-?14T17:20:52.004372200ZThis event is generated when the system time is changed. It is normal for the Windows Time Service, which runs with System privilege, to change the system time on a regular basis. Other system time changes may be indicative of attempts to tamper with the computer."
  },
  {
    "Event ID": 4622,
    "Message": "A security package has been loaded by the Local Security Authority.\n\nSecurity Package Name:\tC:\\Windows\\system32\\cloudAP.DLL : CloudAP"
  },
  {
    "Event ID": 4624,
    "Message": "An account was successfully logged on.Subject: Security ID:  S-1-5-20 Account Name:  EUNAZRSPDFTP1-N$ Account Domain:  WORKGROUP Logon ID:  0x3E4Logon Information: Logon Type:  8 Restricted Admin Mode: - Virtual Account:  No Elevated Token:  NoImpersonation Level:  ImpersonationNew Logon: Security ID:  S-1-5-21-4168947982-2554143436-4086189163-1001 Account Name:  IPS_smartftp Account Domain:  EUNAZRSPDFTP1-N Logon ID:  0x40B0CB97 Linked Logon ID:  0x0 Network Account Name: - Network Account Domain: - Logon GUID:  {00000000-0000-0000-0000-000000000000}Process Information: Process ID:  0xec4 Process Name:  C:\\Windows\\SysWOW64\\inetsrv\\w3wp.exeNetwork Information: Workstation Name: EUNAZRSPDFTP1-N Source Network Address: - Source Port:  -Detailed Authentication Information: Logon Process:  Advapi   Authentication Package: Negotiate Transited Services: - Package Name (NTLM only): - Key Length:  0This event is generated when a logon session is created. It is generated on the computer that was accessed.The subject fields indicate the account on the local system which requested the logon. This is most commonly a service such as the Server service, or a local process such as Winlogon.exe or Services.exe.The logon type field indicates the kind of logon that occurred. The most common types are 2 (interactive) and 3 (network).The New Logon fields indicate the account for whom the new logon was created, i.e. the account that was logged on.The network fields indicate where a remote logon request originated. Workstation name is not always available and may be left blank in some cases.The impersonation level field indicates the extent to which a process in the logon session can impersonate.The authentication information fields provide detailed information about this specific logon request. - Logon GUID is a unique identifier that can be used to correlate this event with a KDC event. - Transited services indicate which intermediate services have participated in this logon request. - Package name indicates which sub-protocol was used among the NTLM protocols. - Key length indicates the length of the generated session key. This will be 0 if no session key was requested."
  },
  {
    "Event ID": 4625,
    "Message": "An account failed to log on.Subject: Security ID:  S-1-5-18 Account Name:  SEAAZRSDC03$ Account Domain:  GEP Logon ID:  0x3E7Logon Type:   3Account For Which Logon Failed: Security ID:  S-1-0-0 Account Name:  SvcLeoMdbAuthConnect Account Domain:  GEPFailure Information: Failure Reason:  The specified account's password has expired. Status:   0xC000006E Sub Status:  0xC0000071Process Information: Caller Process ID: 0x334 Caller Process Name: C:\\Windows\\System32\\lsass.exeNetwork Information: Workstation Name: SEAAZRSDC03 Source Network Address: 192.168.34.7 Source Port:  58218Detailed Authentication Information: Logon Process:  Advapi   Authentication Package: MICROSOFT_AUTHENTICATION_PACKAGE_V1_0 Transited Services: - Package Name (NTLM only): - Key Length:  0This event is generated when a logon request fails. It is generated on the computer where access was attempted.The Subject fields indicate the account on the local system which requested the logon. This is most commonly a service such as the Server service, or a local process such as Winlogon.exe or Services.exe.The Logon Type field indicates the kind of logon that was requested. The most common types are 2 (interactive) and 3 (network).The Process Information fields indicate which account and process on the system requested the logon.The Network Information fields indicate where a remote logon request originated. Workstation name is not always available and may be left blank in some cases.The authentication information fields provide detailed information about this specific logon request. - Transited services indicate which intermediate services have participated in this logon request. - Package name indicates which sub-protocol was used among the NTLM protocols. - Key length indicates the length of the generated session key. This will be 0 if no session key was requested."
  },
  {
    "Event ID": 4627,
    "Message": "Group membership information.Subject: Security ID:  S-1-0-0 Account Name:  - Account Domain:  - Logon ID:  0x0Logon Type:   3New Logon: Security ID:  S-1-5-21-932416472-1581942402-1327342795-27958643 Account Name:  MUM02L11318$ Account Domain:  GEP.COM Logon ID:  0x16A958CC3Event in sequence:  1 of 1Group Membership:     %{S-1-5-21-932416472-1581942402-1327342795-515}  %{S-1-1-0}  %{S-1-5-32-554}  %{S-1-5-32-545}  %{S-1-5-2}  %{S-1-5-11}  %{S-1-5-15}  %{S-1-5-21-932416472-1581942402-1327342795-27729472}  %{S-1-18-1}  %{S-1-16-8448}The subject fields indicate the account on the local system which requested the logon. This is most commonly a service such as the Server service, or a local process such as Winlogon.exe or Services.exe.The logon type field indicates the kind of logon that occurred. The most common types are 2 (interactive) and 3 (network).The New Logon fields indicate the account for whom the new logon was created, i.e. the account that was logged on.This event is generated when the Audit Group Membership subcategory is configured.  The Logon ID field can be used to correlate this event with the corresponding user logon event as well as to any other security audit events generated during this logon session."
  },
  {
    "Event ID": 4634,
    "Message": "An account was logged off.Subject: Security ID:  S-1-5-21-580355598-3368204733-2967366707-1001 Account Name:  IPS_smartftp Account Domain:  USEAZSPDFTP04 Logon ID:  0x5CEFA843Logon Type:   2This event is generated when a logon session is destroyed. It may be positively correlated with a logon event using the Logon ID value. Logon IDs are only unique between reboots on the same computer."
  },
  {
    "Event ID": 4647,
    "Message": "User initiated logoff:Subject: Security ID:  S-1-5-21-932416472-1581942402-1327342795-27941113 Account Name:  Sachint0 Account Domain:  GEP Logon ID:  0x2A8D863CThis event is generated when a logoff is initiated. No further user-initiated activity can occur. This event can be interpreted as a logoff event."
  },
  {
    "Event ID": 4648,
    "Message": "A logon was attempted using explicit credentials.Subject: Security ID:  S-1-5-82-2502795-2290409902-159026534-96860550-3370483566 Account Name:  WS_FTP_SERVER Account Domain:  IIS APPPOOL Logon ID:  0x449A43A Logon GUID:  {00000000-0000-0000-0000-000000000000}Account Whose Credentials Were Used: Account Name:  IPS_smartftp Account Domain:  USEAZSPDFTP04 Logon GUID:  {00000000-0000-0000-0000-000000000000}Target Server: Target Server Name: localhost Additional Information: localhostProcess Information: Process ID:  0x228c Process Name:  C:\\Windows\\SysWOW64\\inetsrv\\w3wp.exeNetwork Information: Network Address: 104.211.91.170 Port:   50864This event is generated when a process attempts to log on an account by explicitly specifying that account’s credentials.  This most commonly occurs in batch-type configurations such as scheduled tasks, or when using the RUNAS command."
  },
  {
    "Event ID": 4656,
    "Message": "A handle to an object was requested.Subject: Security ID:  S-1-5-18 Account Name:  SEAAZRSDC04$ Account Domain:  GEP Logon ID:  0x3E7Object: Object Server:  Security Object Type:  Key Object Name:  \\REGISTRY\\MACHINE\\SOFTWARE\\Policies\\Microsoft\\Windows Advanced Threat Protection Handle ID:  0x490 Resource Attributes: -Process Information: Process ID:  0x6b0 Process Name:  C:\\Windows\\System32\\svchost.exeAccess Request Information: Transaction ID:  {00000000-0000-0000-0000-000000000000} Accesses:  DELETE    READ_CONTROL    WRITE_DAC    WRITE_OWNER    Query key value    Set key value    Create sub-key    Enumerate sub-keys    Notify about changes to keys    Create Link     Access Reasons:  - Access Mask:  0xF003F Privileges Used for Access Check: - Restricted SID Count: 0"
  },
  {
    "Event ID": 4657,
    "Message": "A registry value was modified.Subject: Security ID:  S-1-5-18 Account Name:  MUMWDCP03$ Account Domain:  GEP Logon ID:  0x3E7Object: Object Name:  \\REGISTRY\\MACHINE\\SYSTEM\\ControlSet001\\Control\\WMI\\Autologger\\EventLog-System\\{11cd958a-c507-4ef3-b3f2-5fd9dfbd2c78} Object Value Name: MatchAnyKeyword Handle ID:  0x1e8 Operation Type:  Existing registry value modifiedProcess Information: Process ID:  0x14d0 Process Name:  C:\\Windows\\System32\\wevtutil.exeChange Information: Old Value Type:  REG_QWORD Old Value:  0x8000000000000000 New Value Type:  REG_QWORD New Value:  0xC000000000000000"
  },
  {
    "Event ID": 4658,
    "Message": "The handle to an object was closed.Subject : Security ID:  S-1-5-18 Account Name:  SEAAZRSDC04$ Account Domain:  GEP Logon ID:  0x3E7Object: Object Server:  Security Handle ID:  0x490Process Information: Process ID:  0x6b0 Process Name:  C:\\Windows\\System32\\svchost.exe"
  },
  {
    "Event ID": 4659,
    "Message": "A handle to an object was requested with intent to delete.Subject: Security ID:  S-1-5-18 Account Name:  USEAZSPDFTP04$ Account Domain:  WORKGROUP Logon ID:  0x3E7Object: Object Server: Security Object Type: File Object Name: C:\\ProgramData\\Microsoft\\Windows Defender Advanced Threat Protection\\Temp\\dismApiWrapperPath\\JEF459A.tmp Handle ID: 0x0Process Information: Process ID: 0xdd0Access Request Information: Transaction ID: {00000000-0000-0000-0000-000000000000} Accesses: DELETE    READ_CONTROL    SYNCHRONIZE    ReadData (or ListDirectory)    WriteData (or AddFile)    AppendData (or AddSubdirectory or CreatePipeInstance)    ReadEA    WriteEA    ReadAttributes    WriteAttributes     Access Mask: 0x13019F Privileges Used for Access Check: -"
  },
  {
    "Event ID": 4660,
    "Message": "An object was deleted.Subject: Security ID:  S-1-5-18 Account Name:  USEAZSMARTFTP01$ Account Domain:  WORKGROUP Logon ID:  0x3E7Object: Object Server: Security Handle ID: 0x5c0Process Information: Process ID: 0x25d0 Process Name: C:\\Program Files\\Windows Defender Advanced Threat Protection\\SenseIR.exe Transaction ID: {00000000-0000-0000-0000-000000000000}"
  },
  {
    "Event ID": 4661,
    "Message": "A handle to an object was requested.Subject : Security ID:  S-1-5-21-932416472-1581942402-1327342795-27926779 Account Name:  Saloni.Ushire Account Domain:  GEP Logon ID:  0x169204D1EObject: Object Server: Security Account Manager Object Type: SAM_GROUP Object Name: S-1-5-21-932416472-1581942402-1327342795-512 Handle ID: 0x2c942d93820Process Information: Process ID: 0x33c Process Name: C:\\Windows\\System32\\lsass.exeAccess Request Information: Transaction ID: {00000000-0000-0000-0000-000000000000} Accesses: READ_CONTROL    AddMember    ListMembers    Undefined Access (no effect) Bit 7     Access Reasons:  - Access Mask: 0x20094 Privileges Used for Access Check: - Properties: --- {bf967a9c-0de6-11d0-a285-00aa003049e2}READ_CONTROLAddMemberListMembersUndefined Access (no effect) Bit 7   {bf9679e8-0de6-11d0-a285-00aa003049e2}   {3e0abfd0-126a-11d0-a060-00aa006c33ed}  {bc0ac240-79a9-11d0-9020-00c04fc2d4cf}   {bf9679c0-0de6-11d0-a285-00aa003049e2}  {59ba2f42-79a2-11d0-9020-00c04fc2d3cf} Restricted SID Count: 0"
  },
  {
    "Event ID": 4662,
    "Message": "An operation was performed on an object.Subject : Security ID:  S-1-5-18 Account Name:  USEAZUATFTP$ Account Domain:  WORKGROUP Logon ID:  0x3E7Object: Object Server:  WMI Object Type:  WMI Namespace Object Name:  root\\CIMV2\\Security\\MicrosoftVolumeEncryption Handle ID:  0x0Operation: Operation Type:  Object Access Accesses:  Unknown specific access (bit 0)     Access Mask:  0x1 Properties:  -Additional Information: Parameter 1:  Local Read (ExecQuery) Parameter 2:  root\\CIMV2\\Security\\MicrosoftVolumeEncryption:references of {__Win32Provider.Name=\"Win32_EncryptableVolumeProvider\"}"
  },
  {
    "Event ID": 4663,
    "Message": "An attempt was made to access an object.Subject: Security ID:  S-1-5-18 Account Name:  USEAZSMARTFTP01$ Account Domain:  WORKGROUP Logon ID:  0x3E7Object: Object Server:  Security Object Type:  File Object Name:  C:\\ProgramData\\Microsoft\\Windows Defender Advanced Threat Protection\\Temp\\PSScriptOutputs\\PSScript_Output_{A7104D6C-AE4B-46C6-BB54-AB4FA163B97A}.txt Handle ID:  0x550 Resource Attributes: S:AIProcess Information: Process ID:  0x25d0 Process Name:  C:\\Program Files\\Windows Defender Advanced Threat Protection\\SenseIR.exeAccess Request Information: Accesses:  DELETE     Access Mask:  0x10000"
  },
  {
    "Event ID": 4664,
    "Message": "An attempt was made to create a hard link.Subject: Account Name:  S-1-5-18 Account Name:  USEAZUATFTP$ Account Domain:  WORKGROUP Logon ID:  0x3E7Link Information: File Name: C:\\Windows\\WinSxS\\x86_mscorlib_b77a5c561934e089_4.0.15744.1170_none_7a02250fa8e24941\\normnfd.nlp Link Name: C:\\Windows\\WinSxS\\x86_mscorlib_b77a5c561934e089_4.0.15744.551_none_5f364f58670632b5\\normnfd.nlp Transaction ID: {f471462f-0418-11f0-9bae-000d3a569fe0}"
  },
  {
    "Event ID": 4670,
    "Message": "Permissions on an object were changed.Subject: Security ID:  S-1-5-18 Account Name:  USEAZSMARTFTP01$ Account Domain:  WORKGROUP Logon ID:  0x3E7Object: Object Server: Security Object Type: Token Object Name: - Handle ID: 0x590Process: Process ID: 0xc60 Process Name: C:\\Windows\\System32\\svchost.exePermissions Change: Original Security Descriptor: D:(A;;GA;;;SY)(A;;GA;;;LS) New Security Descriptor: D:(A;;GA;;;SY)(A;;RC;;;OW)(A;;GA;;;S-1-5-86-1544737700-199408000-2549878335-3519669259-381336952)"
  },
  {
    "Event ID": 4672,
    "Message": "Special privileges assigned to new logon.\n\nSubject:\n\tSecurity ID:\t\tS-1-5-17\n\tAccount Name:\t\tIUSR\n\tAccount Domain:\t\tNT AUTHORITY\n\tLogon ID:\t\t0x3E3\n\nPrivileges:\t\tSeImpersonatePrivilege"
  },
  {
    "Event ID": 4673,
    "Message": "A privileged service was called.Subject: Security ID:  S-1-5-18 Account Name:  USEAZSMARTFTP01$ Account Domain:  WORKGROUP Logon ID:  0x3E7Service: Server: NT Local Security Authority / Authentication Service Service Name: LsaRegisterLogonProcess()Process: Process ID: 0x360 Process Name: C:\\Windows\\System32\\lsass.exeService Request Information: Privileges:  SeTcbPrivilege"
  },
  {
    "Event ID": 4674,
    "Message": "An operation was attempted on a privileged object.Subject: Security ID:  S-1-5-21-932416472-1581942402-1327342795-27951727 Account Name:  Laxman.Vemunurit1 Account Domain:  GEP Logon ID:  0x5E83E702Object: Object Server: Security Object Type: - Object Name: - Object Handle: 0x408Process Information: Process ID: 0x7d4c Process Name: C:\\Windows\\System32\\wsmprovhost.exeRequested Operation: Desired Access: 2031617 Privileges:  SeTakeOwnershipPrivilege"
  },
  {
    "Event ID": 4675,
    "Message": "SIDs were filtered.Target Account: Security ID:  S-1-5-21-3611907846-4248448592-3007916314-16102 Account Name:  - Account Domain:  -Trust Information: Trust Direction: 2 Trust Attributes: 8 Trust Type: 2 TDO Domain SID: S-1-5-21-3611907846-4248448592-3007916314Filtered SIDs:   %{S-1-5-9}"
  },
  {
    "Event ID": 4688,
    "Message": "A new process has been created.Creator Subject: Security ID:  S-1-5-18 Account Name:  USEAZUATFTP$ Account Domain:  WORKGROUP Logon ID:  0x3E7Target Subject: Security ID:  S-1-0-0 Account Name:  - Account Domain:  - Logon ID:  0x0Process Information: New Process ID:  0x2680 New Process Name: C:\\Program Files\\New Relic\\newrelic-infra\\newrelic-integrations\\nr-winpkg.exe Token Elevation Type: %%1936 Mandatory Label:  S-1-16-16384 Creator Process ID: 0x1824 Creator Process Name: C:\\Program Files\\New Relic\\newrelic-infra\\newrelic-infra.exe Process Command Line: ./nr-winpkgToken Elevation Type indicates the type of token that was assigned to the new process in accordance with User Account Control policy.Type 1 is a full token with no privileges removed or groups disabled.  A full token is only used if User Account Control is disabled or if the user is the built-in Administrator account or a service account.Type 2 is an elevated token with no privileges removed or groups disabled.  An elevated token is used when User Account Control is enabled and the user chooses to start the program using Run as administrator.  An elevated token is also used when an application is configured to always require administrative privilege or to always require maximum privilege, and the user is a member of the Administrators group.Type 3 is a limited token with administrative privileges removed and administrative groups disabled.  The limited token is used when User Account Control is enabled, the application does not require administrative privilege, and the user does not choose to start the program using Run as administrator."
  },
  {
    "Event ID": 4689,
    "Message": "A process has exited.\n\nSubject:\n\tSecurity ID:\t\tS-1-5-18\n\tAccount Name:\t\tCLKWDCP01$\n\tAccount Domain:\t\tGEP\n\tLogon ID:\t\t0x3E7\n\nProcess Information:\n\tProcess ID:\t0x1500\n\tProcess Name:\tC:\\Windows\\System32\\svchost.exe\n\tExit Status:\t0x0"
  },
  {
    "Event ID": 4690,
    "Message": "An attempt was made to duplicate a handle to an object.Subject: Security ID:  S-1-5-18 Account Name:  SEAAZRSDC04$ Account Domain:  GEP Logon ID:  0x3E7Source Handle Information: Source Handle ID: 0x490 Source Process ID: 0x6b0New Handle Information: Target Handle ID: 0x44a8 Target Process ID: 0x4"
  },
  {
    "Event ID": 4696,
    "Message": "A primary token was assigned to process.Subject: Security ID:  S-1-5-18 Account Name:  - Account Domain:  - Logon ID:  0x3E7Process Information: Process ID: 0x4 Process Name: Target Process: Target Process ID: 0x58 Target Process Name: RegistryNew Token Information: Security ID:  S-1-0-0 Account Name:  - Account Domain:  - Logon ID:  0x3E7"
  },
  {
    "Event ID": 4697,
    "Message": "A service was installed in the system.Subject: Security ID:  S-1-5-18 Account Name:  MUMWDCP03$ Account Domain:  GEP Logon ID:  0x3E7Service Information: Service Name:   UserDataSvc_359f343d Service File Name: C:\\Windows\\system32\\svchost.exe -k UnistackSvcGroup Service Type:   0xE0 Service Start Type: 3 Service Account:   LocalSystem"
  },
  {
    "Event ID": 4698,
    "Message": "A scheduled task was created.Subject: Security ID:  S-1-5-18 Account Name:  USEAZSMARTFTP01$ Account Domain:  WORKGROUP Logon ID:  0x3E7Task Information: Task Name:   \\Microsoft\\Windows\\UpdateOrchestrator\\AC Power Install Task Content:   <?xml version=\"1.0\" encoding=\"UTF-16\"?><Task version=\"1.4\" xmlns=\"http://schemas.microsoft.com/windows/2004/02/mit/task\">  <RegistrationInfo>    <URI>\\Microsoft\\Windows\\UpdateOrchestrator\\AC Power Install</URI>  </RegistrationInfo>  <Triggers>    <WnfStateChangeTrigger>      <Enabled>true</Enabled>      <StateName>7508BCA3380C960C</StateName>      <Data>01000000</Data>      <DataOffset>0</DataOffset>    </WnfStateChangeTrigger>  </Triggers>  <Settings>    <MultipleInstancesPolicy>IgnoreNew</MultipleInstancesPolicy>    <DisallowStartIfOnBatteries>false</DisallowStartIfOnBatteries>    <StopIfGoingOnBatteries>false</StopIfGoingOnBatteries>    <AllowHardTerminate>true</AllowHardTerminate>    <StartWhenAvailable>true</StartWhenAvailable>    <RunOnlyIfNetworkAvailable>false</RunOnlyIfNetworkAvailable>    <IdleSettings>      <Duration>PT10M</Duration>      <WaitTimeout>PT1H</WaitTimeout>      <StopOnIdleEnd>true</StopOnIdleEnd>      <RestartOnIdle>false</RestartOnIdle>    </IdleSettings>    <AllowStartOnDemand>true</AllowStartOnDemand>    <Enabled>true</Enabled>    <Hidden>false</Hidden>    <RunOnlyIfIdle>false</RunOnlyIfIdle>    <DisallowStartOnRemoteAppSession>false</DisallowStartOnRemoteAppSession>    <UseUnifiedSchedulingEngine>false</UseUnifiedSchedulingEngine>    <WakeToRun>true</WakeToRun>    <ExecutionTimeLimit>PT72H</ExecutionTimeLimit>    <Priority>7</Priority>  </Settings>  <Actions Context=\"Author\">    <Exec>      <Command>%systemroot%\\system32\\usoclient.exe</Command>      <Arguments>StartInstall</Arguments>    </Exec>  </Actions>  <Principals>    <Principal id=\"Author\">      <UserId>S-1-5-18</UserId>      <RunLevel>LeastPrivilege</RunLevel>    </Principal>  </Principals></Task>Other Information: ProcessCreationTime:   12103423998558556 ClientProcessId:    5024 ParentProcessId:    840 FQDN:   0"
  },
  {
    "Event ID": 4699,
    "Message": "A scheduled task was deleted.Subject: Security ID:  S-1-5-18 Account Name:  USEAZSMARTFTP01$ Account Domain:  WORKGROUP Logon ID:  0x3E7Task Information: Task Name:   \\Microsoft\\Windows\\UpdateOrchestrator\\AC Power Install Task Content:   Other Information: ProcessCreationTime:   12103423998558556 ClientProcessId:    5024 ParentProcessId:    840 FQDN:   0"
  },
  {
    "Event ID": 4700,
    "Message": "A scheduled task was enabled.Subject: Security ID:  S-1-5-20 Account Name:  USSPDPRODTM01$ Account Domain:  GEP Logon ID:  0x3E4Task Information: Task Name:   \\Microsoft\\Windows\\SoftwareProtectionPlatform\\SvcRestartTaskNetwork Task Content:   <?xml version=\"1.0\" encoding=\"UTF-16\"?><Task xmlns=\"http://schemas.microsoft.com/windows/2004/02/mit/task\">  <RegistrationInfo>    <Version>1.0</Version>    <SecurityDescriptor>D:P(A;;FA;;;SY)(A;;FA;;;BA)(A;;FRFW;;;S-1-5-80-123231216-2592883651-3715271367-3753151631-4175906628)(A;;FR;;;S-1-5-87-431836887-2321537645-4075769387-3393595759-2187231311)</SecurityDescriptor>    <Source>$(@%systemroot%\\system32\\sppc.dll,-200)</Source>    <Author>$(@%systemroot%\\system32\\sppc.dll,-200)</Author>    <Description>$(@%systemroot%\\system32\\sppc.dll,-203)</Description>    <URI>\\Microsoft\\Windows\\SoftwareProtectionPlatform\\SvcRestartTaskNetwork</URI>  </RegistrationInfo>  <Principals>    <Principal id=\"NetworkService\">      <UserId>S-1-5-20</UserId>    </Principal>  </Principals>  <Settings>    <AllowHardTerminate>false</AllowHardTerminate>    <DisallowStartIfOnBatteries>false</DisallowStartIfOnBatteries>    <StopIfGoingOnBatteries>false</StopIfGoingOnBatteries>    <ExecutionTimeLimit>PT0S</ExecutionTimeLimit>    <Hidden>true</Hidden>    <MultipleInstancesPolicy>IgnoreNew</MultipleInstancesPolicy>    <RestartOnFailure>      <Count>3</Count>      <Interval>PT1M</Interval>    </RestartOnFailure>    <IdleSettings>      <StopOnIdleEnd>true</StopOnIdleEnd>      <RestartOnIdle>false</RestartOnIdle>    </IdleSettings>    <UseUnifiedSchedulingEngine>true</UseUnifiedSchedulingEngine>  </Settings>  <Triggers>    <EventTrigger>      <Subscription>&lt;QueryList&gt;&lt;Query Id=\"0\" Path=\"Microsoft-Windows-NetworkProfile/Operational\"&gt;&lt;Select Path=\"Microsoft-Windows-NetworkProfile/Operational\"&gt;*[System[EventID=10000]]&lt;/Select&gt;&lt;/Query&gt;&lt;/QueryList&gt;</Subscription>    </EventTrigger>  </Triggers>  <Actions Context=\"NetworkService\">    <ComHandler>      <ClassId>{B1AEBB5D-EAD9-4476-B375-9C3ED9F32AFC}</ClassId>      <Data><![CDATA[network]]></Data>    </ComHandler>  </Actions></Task>Other Information: ProcessCreationTime:   8162774324689892 ClientProcessId:    10192 ParentProcessId:    760 FQDN:   0"
  },
  {
    "Event ID": 4701,
    "Message": "A scheduled task was disabled.Subject: Security ID:  S-1-5-20 Account Name:  USSPDDEVDB04$ Account Domain:  GEP Logon ID:  0x3E4Task Information: Task Name:   \\Microsoft\\Windows\\SoftwareProtectionPlatform\\SvcRestartTask Task Content:   <?xml version=\"1.0\" encoding=\"UTF-16\"?><Task version=\"1.6\" xmlns=\"http://schemas.microsoft.com/windows/2004/02/mit/task\">  <RegistrationInfo>    <Version>1.0</Version>    <SecurityDescriptor>D:P(A;;FA;;;SY)(A;;FA;;;BA)(A;;FA;;;S-1-5-80-123231216-2592883651-3715271367-3753151631-4175906628)(A;;FR;;;S-1-5-87-2912274048-3994893941-1669128114-1310430903-1263774323)</SecurityDescriptor>    <Source>$(@%systemroot%\\system32\\sppc.dll,-200)</Source>    <Author>$(@%systemroot%\\system32\\sppc.dll,-200)</Author>    <Description>$(@%systemroot%\\system32\\sppc.dll,-201)</Description>    <URI>\\Microsoft\\Windows\\SoftwareProtectionPlatform\\SvcRestartTask</URI>  </RegistrationInfo>  <Principals>    <Principal id=\"NetworkService\">      <UserId>S-1-5-20</UserId>    </Principal>  </Principals>  <Settings>    <AllowHardTerminate>false</AllowHardTerminate>    <DisallowStartIfOnBatteries>false</DisallowStartIfOnBatteries>    <StopIfGoingOnBatteries>false</StopIfGoingOnBatteries>    <Enabled>false</Enabled>    <ExecutionTimeLimit>PT0S</ExecutionTimeLimit>    <Hidden>true</Hidden>    <MultipleInstancesPolicy>IgnoreNew</MultipleInstancesPolicy>    <RestartOnFailure>      <Count>3</Count>      <Interval>PT1M</Interval>    </RestartOnFailure>    <StartWhenAvailable>true</StartWhenAvailable>    <IdleSettings>      <StopOnIdleEnd>true</StopOnIdleEnd>      <RestartOnIdle>false</RestartOnIdle>    </IdleSettings>    <UseUnifiedSchedulingEngine>true</UseUnifiedSchedulingEngine>  </Settings>  <Triggers>    <CalendarTrigger>      <StartBoundary>2025-03-19T08:51:33+00:00</StartBoundary>      <ScheduleByDay>        <DaysInterval>1</DaysInterval>      </ScheduleByDay>    </CalendarTrigger>  </Triggers>  <Actions Context=\"NetworkService\">    <ComHandler>      <ClassId>{B1AEBB5D-EAD9-4476-B375-9C3ED9F32AFC}</ClassId>      <Data><![CDATA[timer]]></Data>    </ComHandler>  </Actions></Task>Other Information: ProcessCreationTime:   18858823439774905 ClientProcessId:    12052 ParentProcessId:    840 FQDN:   0"
  },
  {
    "Event ID": 4702,
    "Message": "A scheduled task was updated.Subject: Security ID:  S-1-5-18 Account Name:  EUNAZRSPDFTP1-N$ Account Domain:  WORKGROUP Logon ID:  0x3E7Task Information: Task Name:   \\Microsoft\\Windows\\Windows Error Reporting\\QueueReporting Task New Content:   <?xml version=\"1.0\" encoding=\"UTF-16\"?><Task version=\"1.6\" xmlns=\"http://schemas.microsoft.com/windows/2004/02/mit/task\">  <RegistrationInfo>    <Source>$(@%SystemRoot%\\system32\\wer.dll,-292)</Source>    <Author>$(@%SystemRoot%\\system32\\wer.dll,-293)</Author>    <Version>1.5</Version>    <Description>$(@%SystemRoot%\\system32\\wer.dll,-294)</Description>    <URI>\\Microsoft\\Windows\\Windows Error Reporting\\QueueReporting</URI>    <SecurityDescriptor>D:(A;;FA;;;BA)(A;;FA;;;SY)(A;;FRFX;;;WD)</SecurityDescriptor>  </RegistrationInfo>  <Triggers>    <BootTrigger id=\"QueueReportingBootTrigger\">      <Enabled>true</Enabled>      <Delay>PT3M</Delay>    </BootTrigger>    <WnfStateChangeTrigger id=\"QueueReportingWnfTrigger\">      <Enabled>true</Enabled>      <StateName>7510BCA33A0B9441</StateName>      <Data>01</Data>      <DataOffset>0</DataOffset>    </WnfStateChangeTrigger>    <WnfStateChangeTrigger id=\"QueueReportingFreeNetworkTrigger\">      <Enabled>true</Enabled>      <StateName>7510BCA33E0B8441</StateName>      <Data>03</Data>      <DataOffset>0</DataOffset>    </WnfStateChangeTrigger>    <TimeTrigger id=\"QueueReportingTimeTrigger\">      <Repetition>        <Interval>PT30M</Interval>        <StopAtDurationEnd>false</StopAtDurationEnd>      </Repetition>      <StartBoundary>2025-03-19T09:49:37Z</StartBoundary>      <Enabled>true</Enabled>      <RandomDelay>PT30M</RandomDelay>    </TimeTrigger>  </Triggers>  <Principals>    <Principal id=\"LocalSystem\">      <UserId>S-1-5-18</UserId>      <RunLevel>HighestAvailable</RunLevel>    </Principal>  </Principals>  <Settings>    <MultipleInstancesPolicy>IgnoreNew</MultipleInstancesPolicy>    <DisallowStartIfOnBatteries>true</DisallowStartIfOnBatteries>    <StopIfGoingOnBatteries>false</StopIfGoingOnBatteries>    <AllowHardTerminate>true</AllowHardTerminate>    <StartWhenAvailable>true</StartWhenAvailable>    <RunOnlyIfNetworkAvailable>true</RunOnlyIfNetworkAvailable>    <IdleSettings>      <StopOnIdleEnd>false</StopOnIdleEnd>      <RestartOnIdle>false</RestartOnIdle>    </IdleSettings>    <AllowStartOnDemand>true</AllowStartOnDemand>    <Enabled>true</Enabled>    <Hidden>false</Hidden>    <RunOnlyIfIdle>false</RunOnlyIfIdle>    <DisallowStartOnRemoteAppSession>false</DisallowStartOnRemoteAppSession>    <UseUnifiedSchedulingEngine>true</UseUnifiedSchedulingEngine>    <WakeToRun>false</WakeToRun>    <ExecutionTimeLimit>PT4H</ExecutionTimeLimit>    <Priority>7</Priority>  </Settings>  <Actions Context=\"LocalSystem\">    <Exec>      <Command>%windir%\\system32\\wermgr.exe</Command>      <Arguments>-upload</Arguments>    </Exec>  </Actions></Task>Other Information: ProcessCreationTime:   12384898975365391 ClientProcessId:    10320 ParentProcessId:    1744 FQDN:   0"
  },
  {
    "Event ID": 4703,
    "Message": "A token right was adjusted.Subject: Security ID:  S-1-5-18 Account Name:  SEAAZRSDC04$ Account Domain:  GEP Logon ID:  0x3E7Target Account: Security ID:  S-1-0-0 Account Name:  SEAAZRSDC04$ Account Domain:  GEP Logon ID:  0x3E7Process Information: Process ID:  0x6b0 Process Name:  C:\\Windows\\System32\\svchost.exeEnabled Privileges:   SeSecurityPrivilegeDisabled Privileges:   -"
  },
  {
    "Event ID": 4719,
    "Message": "System audit policy was changed.Subject: Security ID:  S-1-5-18 Account Name:  USE2AZRSDC03$ Account Domain:  GEP Logon ID:  0x3E7Audit Policy Change: Category:  Logon/Logoff Subcategory:  IPsec Quick Mode Subcategory GUID: {0cce9219-69ae-11d9-bed3-505054503030} Changes:  Success Added, Failure added"
  },
  {
    "Event ID": 4720,
    "Message": "A user account was created.Subject: Security ID:  S-1-5-21-932416472-1581942402-1327342795-27938107 Account Name:  LeenaAIBotT2 Account Domain:  GEP Logon ID:  0x1A3EC32B0New Account: Security ID:  S-1-5-21-932416472-1581942402-1327342795-27966867 Account Name:  saloni.pawanarkar Account Domain:  GEPAttributes: SAM Account Name: saloni.pawanarkar Display Name:  Saloni Pawanarkar User Principal Name: saloni.pawanarkar@gep.com Home Directory:  - Home Drive:  - Script Path:  - Profile Path:  - User Workstations: - Password Last Set: <never> Account Expires:  <never> Primary Group ID: 513 Allowed To Delegate To: - Old UAC Value:  0x0 New UAC Value:  0x15 User Account Control:   Account Disabled  'Password Not Required' - Enabled  'Normal Account' - Enabled User Parameters: - SID History:  - Logon Hours:  <value not set>Additional Information: Privileges  -"
  },
